0 info it worked if it ends with ok
1 verbose cli [ '/usr/bin/node', '/usr/bin/npm', 'install', 'node-http-proxy' ]
2 info using npm@1.4.28
3 info using node@v0.10.32
4 verbose node symlink /usr/bin/node
5 warn package.json pantallaLed@0.0.1 No description
6 warn package.json pantallaLed@0.0.1 No README data
7 verbose readDependencies using package.json deps
8 verbose cache add [ 'node-http-proxy', null ]
9 verbose cache add name=undefined spec="node-http-proxy" args=["node-http-proxy",null]
10 verbose parsed url { protocol: null,
10 verbose parsed url   slashes: null,
10 verbose parsed url   auth: null,
10 verbose parsed url   host: null,
10 verbose parsed url   port: null,
10 verbose parsed url   hostname: null,
10 verbose parsed url   hash: null,
10 verbose parsed url   search: null,
10 verbose parsed url   query: null,
10 verbose parsed url   pathname: 'node-http-proxy',
10 verbose parsed url   path: 'node-http-proxy',
10 verbose parsed url   href: 'node-http-proxy' }
11 silly lockFile a959cfe6-node-http-proxy node-http-proxy
12 verbose lock node-http-proxy /home/manuel/.npm/a959cfe6-node-http-proxy.lock
13 silly lockFile a959cfe6-node-http-proxy node-http-proxy
14 silly lockFile a959cfe6-node-http-proxy node-http-proxy
15 verbose addNamed [ 'node-http-proxy', '' ]
16 verbose addNamed [ null, '*' ]
17 silly lockFile 59ea8b07-node-http-proxy node-http-proxy@
18 verbose lock node-http-proxy@ /home/manuel/.npm/59ea8b07-node-http-proxy.lock
19 silly addNameRange { name: 'node-http-proxy', range: '*', hasData: false }
20 verbose request where is /node-http-proxy
21 verbose request registry https://registry.npmjs.org/
22 verbose request id 2c84e2be5667eb1c
23 verbose url raw /node-http-proxy
24 verbose url resolving [ 'https://registry.npmjs.org/', './node-http-proxy' ]
25 verbose url resolved https://registry.npmjs.org/node-http-proxy
26 verbose request where is https://registry.npmjs.org/node-http-proxy
27 info trying registry request attempt 1 at 01:22:06
28 http GET https://registry.npmjs.org/node-http-proxy
29 http 404 https://registry.npmjs.org/node-http-proxy
30 verbose headers { date: 'Fri, 10 Oct 2014 23:22:01 GMT',
30 verbose headers   server: 'CouchDB/1.5.0 (Erlang OTP/R16B03)',
30 verbose headers   'content-type': 'application/json',
30 verbose headers   'cache-control': 'max-age=0',
30 verbose headers   'content-length': '52',
30 verbose headers   'accept-ranges': 'bytes',
30 verbose headers   via: '1.1 varnish',
30 verbose headers   age: '0',
30 verbose headers   'x-served-by': 'cache-fra1233-FRA',
30 verbose headers   'x-cache': 'MISS',
30 verbose headers   'x-cache-hits': '0',
30 verbose headers   'x-timer': 'S1412983321.041644,VS0,VE708',
30 verbose headers   'keep-alive': 'timeout=10, max=50',
30 verbose headers   connection: 'Keep-Alive' }
31 silly registry.get cb [ 404,
31 silly registry.get   { date: 'Fri, 10 Oct 2014 23:22:01 GMT',
31 silly registry.get     server: 'CouchDB/1.5.0 (Erlang OTP/R16B03)',
31 silly registry.get     'content-type': 'application/json',
31 silly registry.get     'cache-control': 'max-age=0',
31 silly registry.get     'content-length': '52',
31 silly registry.get     'accept-ranges': 'bytes',
31 silly registry.get     via: '1.1 varnish',
31 silly registry.get     age: '0',
31 silly registry.get     'x-served-by': 'cache-fra1233-FRA',
31 silly registry.get     'x-cache': 'MISS',
31 silly registry.get     'x-cache-hits': '0',
31 silly registry.get     'x-timer': 'S1412983321.041644,VS0,VE708',
31 silly registry.get     'keep-alive': 'timeout=10, max=50',
31 silly registry.get     connection: 'Keep-Alive' } ]
32 silly lockFile 59ea8b07-node-http-proxy node-http-proxy@
33 silly lockFile 59ea8b07-node-http-proxy node-http-proxy@
34 error 404 404 Not Found: node-http-proxy
34 error 404
34 error 404 'node-http-proxy' is not in the npm registry.
34 error 404 You should bug the author to publish it
34 error 404 It was specified as a dependency of 'pantallaLed'
34 error 404
34 error 404 Maybe try 'npm search http proxy'
34 error 404
34 error 404 Note that you can also install from a
34 error 404 tarball, folder, or http url, or git url.
35 error System Linux 3.2.0-69-generic-pae
36 error command "/usr/bin/node" "/usr/bin/npm" "install" "node-http-proxy"
37 error cwd /home/manuel/WebstormProjects/pantallaLed/server
38 error node -v v0.10.32
39 error npm -v 1.4.28
40 error code E404
41 verbose exit [ 1, true ]
